app/build/intermediates/manifest_merge_blame_file/debug/manifest-merger-blame-debug-report.txt
1<?xml version="1.0" encoding="utf-8"?>
2<manifest xmlns:android="http://schemas.android.com/apk/res/android"
3    package="com.rafraph.pnineyHalachaHashalem"
4    android:hardwareAccelerated="true"
5    android:installLocation="auto"
6    android:versionCode="40117"
7    android:versionName="4.1.17" >
8
9    <uses-sdk
10        android:minSdkVersion="16"
10-->src\main\AndroidManifest.xml
11        android:targetSdkVersion="32" />
11-->src\main\AndroidManifest.xml
12
13    <uses-permission android:name="android.permission.ACCESS_NETWORK_STATE" />
13-->src\main\AndroidManifest.xml:8:5-79
13-->src\main\AndroidManifest.xml:8:22-76
14    <uses-permission android:name="android.permission.INTERNET" />
14-->src\main\AndroidManifest.xml:9:5-67
14-->src\main\AndroidManifest.xml:9:22-64
15    <uses-permission android:name="android.permission.WRITE_EXTERNAL_STORAGE" />
15-->src\main\AndroidManifest.xml:10:5-81
15-->src\main\AndroidManifest.xml:10:22-78
16    <uses-permission android:name="android.permission.READ_PHONE_STATE" />
16-->src\main\AndroidManifest.xml:11:5-75
16-->src\main\AndroidManifest.xml:11:22-72
17    <uses-permission android:name="android.permission.READ_EXTERNAL_STORAGE" />
17-->src\main\AndroidManifest.xml:12:5-80
17-->src\main\AndroidManifest.xml:12:22-77
18    <uses-permission android:name="android.permission.WAKE_LOCK" />
18-->src\main\AndroidManifest.xml:13:5-68
18-->src\main\AndroidManifest.xml:13:22-65
19    <uses-permission android:name="android.permission.FOREGROUND_SERVICE" />
19-->src\main\AndroidManifest.xml:14:5-77
19-->src\main\AndroidManifest.xml:14:22-74
20    <uses-permission android:name="android.permission.SET_ALARM" />
20-->src\main\AndroidManifest.xml:15:5-67
20-->src\main\AndroidManifest.xml:15:22-65
21    <uses-permission android:name="android.permission.ACCESS_NETWORK_STATE" />
21-->src\main\AndroidManifest.xml:8:5-79
21-->src\main\AndroidManifest.xml:8:22-76
22    <uses-permission android:name="android.permission.INTERNET" />
22-->src\main\AndroidManifest.xml:9:5-67
22-->src\main\AndroidManifest.xml:9:22-64
23    <uses-permission android:name="android.permission.READ_PHONE_STATE" />
23-->src\main\AndroidManifest.xml:11:5-75
23-->src\main\AndroidManifest.xml:11:22-72
24    <uses-permission android:name="android.permission.WAKE_LOCK" />
24-->src\main\AndroidManifest.xml:13:5-68
24-->src\main\AndroidManifest.xml:13:22-65
25    <uses-permission android:name="android.permission.FOREGROUND_SERVICE" />
25-->src\main\AndroidManifest.xml:14:5-77
25-->src\main\AndroidManifest.xml:14:22-74
26    <uses-permission android:name="android.permission.INTERNET" />
26-->src\main\AndroidManifest.xml:9:5-67
26-->src\main\AndroidManifest.xml:9:22-64
27
28    <application
28-->src\main\AndroidManifest.xml:26:5-110:19
29        android:allowBackup="true"
29-->src\main\AndroidManifest.xml:27:9-35
30        android:appComponentFactory="android.support.v4.app.CoreComponentFactory"
30-->[com.android.support:support-compat:28.0.0] AndroidManifest.xml:22:18-91
31        android:debuggable="true"
32        android:hardwareAccelerated="true"
32-->src\main\AndroidManifest.xml:28:9-43
33        android:icon="@drawable/pniney_icon"
33-->src\main\AndroidManifest.xml:29:9-45
34        android:label="@string/app_name"
34-->src\main\AndroidManifest.xml:30:9-41
35        android:theme="@style/AppTheme" >
35-->src\main\AndroidManifest.xml:31:9-40
36        <activity
36-->src\main\AndroidManifest.xml:32:9-34:79
37            android:name="com.rafraph.pnineyHalachaHashalem.HomePage"
37-->src\main\AndroidManifest.xml:33:13-37
38            android:theme="@android:style/Theme.Black.NoTitleBar.Fullscreen" />
38-->src\main\AndroidManifest.xml:34:13-77
39        <activity
39-->src\main\AndroidManifest.xml:35:9-37:79
40            android:name="com.rafraph.pnineyHalachaHashalem.pninaYomit"
40-->src\main\AndroidManifest.xml:36:13-39
41            android:theme="@android:style/Theme.Black.NoTitleBar.Fullscreen" />
41-->src\main\AndroidManifest.xml:37:13-77
42        <activity
42-->src\main\AndroidManifest.xml:38:9-49:20
43            android:name="com.rafraph.pnineyHalachaHashalem.Splash"
43-->src\main\AndroidManifest.xml:39:13-35
44            android:exported="true"
44-->src\main\AndroidManifest.xml:43:13-36
45            android:hardwareAccelerated="true"
45-->src\main\AndroidManifest.xml:40:13-47
46            android:label="@string/app_name"
46-->src\main\AndroidManifest.xml:41:13-45
47            android:theme="@android:style/Theme.Light.NoTitleBar.Fullscreen" >
47-->src\main\AndroidManifest.xml:42:13-77
48            <intent-filter>
48-->src\main\AndroidManifest.xml:44:13-48:29
49                <action android:name="android.intent.action.MAIN" />
49-->src\main\AndroidManifest.xml:45:17-69
49-->src\main\AndroidManifest.xml:45:25-66
50
51                <category android:name="android.intent.category.LAUNCHER" />
51-->src\main\AndroidManifest.xml:47:17-77
51-->src\main\AndroidManifest.xml:47:27-74
52            </intent-filter>
53        </activity>
54        <activity
54-->src\main\AndroidManifest.xml:50:9-64:20
55            android:name="com.rafraph.pnineyHalachaHashalem.MainActivity"
55-->src\main\AndroidManifest.xml:51:13-41
56            android:exported="true"
56-->src\main\AndroidManifest.xml:54:13-36
57            android:hardwareAccelerated="true"
57-->src\main\AndroidManifest.xml:52:13-47
58            android:theme="@style/Theme.AppCompat.Light.NoActionBar" >
58-->src\main\AndroidManifest.xml:53:13-69
59            <intent-filter>
59-->src\main\AndroidManifest.xml:55:13-59:29
60                <action android:name="com.rafraph.ph_beta.MAINACTIVITY" />
60-->src\main\AndroidManifest.xml:56:17-75
60-->src\main\AndroidManifest.xml:56:25-72
61
62                <category android:name="android.intent.category.DEFAULT" />
62-->src\main\AndroidManifest.xml:58:17-76
62-->src\main\AndroidManifest.xml:58:27-73
63            </intent-filter>
64            <!-- enable the search dialog to send searches to SearchableActivity -->
65            <meta-data
65-->src\main\AndroidManifest.xml:61:13-63:55
66                android:name="android.app.default_searchable"
66-->src\main\AndroidManifest.xml:62:17-62
67                android:value=".SearchableActivity" />
67-->src\main\AndroidManifest.xml:63:17-52
68        </activity>
69        <activity
69-->src\main\AndroidManifest.xml:65:9-76:20
70            android:name="com.rafraph.pnineyHalachaHashalem.textMain"
70-->src\main\AndroidManifest.xml:66:13-37
71            android:configChanges="keyboardHidden|orientation|screenSize"
71-->src\main\AndroidManifest.xml:67:13-74
72            android:hardwareAccelerated="true"
72-->src\main\AndroidManifest.xml:68:13-47
73            android:label="@string/app_name"
73-->src\main\AndroidManifest.xml:69:13-45
74            android:theme="@style/Theme.AppCompat.Light.NoActionBar" >
74-->src\main\AndroidManifest.xml:70:13-69
75
76            <!-- enable the search dialog to send searches to SearchableActivity -->
77            <meta-data
77-->src\main\AndroidManifest.xml:61:13-63:55
78                android:name="android.app.default_searchable"
78-->src\main\AndroidManifest.xml:62:17-62
79                android:value=".SearchableActivity" />
79-->src\main\AndroidManifest.xml:63:17-52
80        </activity>
81        <activity
81-->src\main\AndroidManifest.xml:77:9-80:63
82            android:name="com.rafraph.pnineyHalachaHashalem.About"
82-->src\main\AndroidManifest.xml:78:13-34
83            android:label="@string/title_activity_about"
83-->src\main\AndroidManifest.xml:79:13-57
84            android:theme="@android:style/Theme.NoTitleBar" />
84-->src\main\AndroidManifest.xml:80:13-60
85        <activity
85-->src\main\AndroidManifest.xml:81:9-87:15
86            android:name="com.rafraph.pnineyHalachaHashalem.About_p"
86-->src\main\AndroidManifest.xml:82:13-36
87            android:configChanges="keyboardHidden|orientation|screenSize"
87-->src\main\AndroidManifest.xml:85:13-74
88            android:hardwareAccelerated="true"
88-->src\main\AndroidManifest.xml:86:13-47
89            android:label="@string/title_activity_about"
89-->src\main\AndroidManifest.xml:83:13-57
90            android:theme="@android:style/Theme.NoTitleBar" />
90-->src\main\AndroidManifest.xml:84:13-60
91        <activity
91-->src\main\AndroidManifest.xml:88:9-91:63
92            android:name="com.rafraph.pnineyHalachaHashalem.Feedback"
92-->src\main\AndroidManifest.xml:89:13-37
93            android:label="@string/title_activity_feedback"
93-->src\main\AndroidManifest.xml:90:13-60
94            android:theme="@android:style/Theme.NoTitleBar" />
94-->src\main\AndroidManifest.xml:91:13-60
95        <activity
95-->src\main\AndroidManifest.xml:93:9-96:63
96            android:name="com.rafraph.pnineyHalachaHashalem.SearchHelp"
96-->src\main\AndroidManifest.xml:94:13-39
97            android:label="@string/title_activity_search_help"
97-->src\main\AndroidManifest.xml:95:13-63
98            android:theme="@android:style/Theme.NoTitleBar" />
98-->src\main\AndroidManifest.xml:96:13-60
99        <activity
99-->src\main\AndroidManifest.xml:97:9-100:63
100            android:name="com.rafraph.pnineyHalachaHashalem.BookmarkActivity"
100-->src\main\AndroidManifest.xml:98:13-45
101            android:label="@string/title_activity_bookmark"
101-->src\main\AndroidManifest.xml:99:13-60
102            android:theme="@android:style/Theme.NoTitleBar" />
102-->src\main\AndroidManifest.xml:100:13-60
103        <activity
103-->src\main\AndroidManifest.xml:101:9-105:51
104            android:name="com.rafraph.pnineyHalachaHashalem.myAudio"
104-->src\main\AndroidManifest.xml:102:13-36
105            android:label="myAudio"
105-->src\main\AndroidManifest.xml:103:13-36
106            android:screenOrientation="portrait"
106-->src\main\AndroidManifest.xml:105:13-49
107            android:theme="@style/Theme.AppCompat.Light.NoActionBar" />
107-->src\main\AndroidManifest.xml:104:13-69
108
109        <service android:name="com.rafraph.pnineyHalachaHashalem.MediaPlayerService" />
109-->src\main\AndroidManifest.xml:107:9-55
109-->src\main\AndroidManifest.xml:107:18-52
110
111        <receiver android:name="com.rafraph.pnineyHalachaHashalem.Notification_reciver" />
111-->src\main\AndroidManifest.xml:109:9-57
111-->src\main\AndroidManifest.xml:109:19-55
112    </application>
113
114</manifest>